/task.GET took 47ms. User: unknown
/task/3.PUT took 24ms. User: unknown
/task.GET took 2ms. User: unknown
/task/5.DELETE took 3ms. User: unknown
/task.GET took 3ms. User: unknown
/task.GET took 48ms. User: unknown
/task/3.PUT took 21ms. User: unknown
/task.GET took 3ms. User: unknown
/index.html.GET took 32ms. User: unknown
/task.GET took 18ms. User: unknown
/index.html.GET took 34ms. User: unknown
/task.GET took 19ms. User: unknown
/task.POST took 42ms. User: unknown
/task.GET took 2ms. User: unknown
/task.POST took 4ms. User: unknown
/task.GET took 4ms. User: unknown
/task.POST took 2ms. User: unknown
/task.GET took 5ms. User: unknown
/task.POST took 2ms. User: unknown
/task.GET took 3ms. User: unknown
/task.POST took 2ms. User: unknown
/task.GET took 8ms. User: unknown
/task.POST took 1ms. User: unknown
/task.GET took 5ms. User: unknown
/task.POST took 2ms. User: unknown
/task.GET took 6ms. User: unknown
/task.POST took 2ms. User: unknown
/task.GET took 4ms. User: unknown
/task.POST took 2ms. User: unknown
/task.GET took 4ms. User: unknown
/task.POST took 2ms. User: unknown
/task.GET took 5ms. User: unknown
/.GET took 25ms. User: unknown
/.GET took 29ms. User: unknown
/.GET took 0ms. User: unknown
/index.html.GET took 39ms. User: unknown
/css/site.css.GET took 4ms. User: unknown
/index.html.GET took 6ms. User: unknown
/css/site.css.GET took 4ms. User: unknown
/swagger.GET took 3ms. User: unknown
/swagger/index.html.GET took 25ms. User: unknown
/swagger/swagger-ui.css.GET took 14ms. User: unknown
/swagger/swagger-ui-standalone-preset.js.GET took 25ms. User: unknown
/swagger/swagger-ui-bundle.js.GET took 71ms. User: unknown
/swagger/favicon-32x32.png.GET took 0ms. User: unknown
/swagger/v1/swagger.json.GET took 62ms. User: unknown
/Task.GET took 14ms. User: unknown
/index.html.GET took 8ms. User: unknown
/js/site.js.GET took 10ms. User: unknown
/task.GET took 15ms. User: unknown
/task/8.PUT took 28ms. User: unknown
/task.GET took 2ms. User: unknown
/task/12.DELETE took 8ms. User: unknown
/task.GET took 2ms. User: unknown
/task/11.DELETE took 7ms. User: unknown
/task.GET took 2ms. User: unknown
/task/10.DELETE took 5ms. User: unknown
/task.GET took 2ms. User: unknown
/task/9.DELETE took 6ms. User: unknown
/task.GET took 2ms. User: unknown
/task/7.DELETE took 36ms. User: unknown
/task.GET took 2ms. User: unknown
/task/5.DELETE took 6ms. User: unknown
/task.GET took 2ms. User: unknown
/task/6.DELETE took 5ms. User: unknown
/task.GET took 2ms. User: unknown
/index.html.GET took 34ms. User: unknown
/js/site.js.GET took 4ms. User: unknown
/index.html.GET took 37ms. User: unknown
/css/site.css.GET took 2ms. User: unknown
/js/site.js.GET took 5ms. User: unknown
/index.html.GET took 34ms. User: unknown
/css/site.css.GET took 2ms. User: unknown
/task.GET took 17ms. User: unknown
/index.html.GET took 57ms. User: unknown
/css/site.css.GET took 5ms. User: unknown
/index.html.GET took 53ms. User: unknown
/js/site.js.GET took 2ms. User: unknown
/css/site.css.GET took 5ms. User: unknown
/task.GET took 18ms. User: unknown
/index.html.GET took 6ms. User: unknown
/css/site.css.GET took 4ms. User: unknown
/index.html.GET took 5ms. User: unknown
/js/site.js.GET took 2ms. User: unknown
/task.GET took 3ms. User: unknown
/task.POST took 89ms. User: unknown
/task.GET took 3ms. User: unknown
/task/6.DELETE took 18ms. User: unknown
/task.GET took 5ms. User: unknown
/index.html.GET took 30ms. User: unknown
/task.GET took 13ms. User: unknown
/task/4.PUT took 52ms. User: unknown
/task.GET took 3ms. User: unknown
/task/4.PUT took 11ms. User: unknown
/task.GET took 5ms. User: unknown
/css/site.css.GET took 4ms. User: unknown
/task/3.DELETE took 18ms. User: unknown
/task.GET took 4ms. User: unknown
/task/4.DELETE took 12ms. User: unknown
/task.GET took 3ms. User: unknown
/task/3.DELETE took 10ms. User: unknown
/task.GET took 4ms. User: unknown
/task/4.DELETE took 11ms. User: unknown
/task.GET took 5ms. User: unknown
/task/8.DELETE took 12ms. User: unknown
/task.GET took 6ms. User: unknown
/task.POST took 49ms. User: unknown
/task.GET took 2ms. User: unknown
/task.POST took 12ms. User: unknown
/task.GET took 4ms. User: unknown
/task.POST took 12ms. User: unknown
/task.GET took 3ms. User: unknown
/task.POST took 12ms. User: unknown
/task.GET took 5ms. User: unknown
/task/1.PUT took 9ms. User: unknown
/task.GET took 2ms. User: unknown
/task/3.PUT took 10ms. User: unknown
/task.GET took 3ms. User: unknown
/index.html.GET took 31ms. User: unknown
/task.GET took 13ms. User: unknown
/task/2.PUT took 52ms. User: unknown
/task.GET took 6ms. User: unknown
/index.html.GET took 58ms. User: unknown
/css/site.css.GET took 4ms. User: unknown
/task.GET took 16ms. User: unknown
/swagger.GET took 3ms. User: unknown
/swagger/index.html.GET took 33ms. User: unknown
/swagger/swagger-ui.css.GET took 22ms. User: unknown
/swagger/swagger-ui-standalone-preset.js.GET took 35ms. User: unknown
/swagger/swagger-ui-bundle.js.GET took 98ms. User: unknown
/swagger/favicon-32x32.png.GET took 0ms. User: unknown
/swagger/v1/swagger.json.GET took 105ms. User: unknown
/swagger/index.html.GET took 1ms. User: unknown
/swagger/swagger-ui.css.GET took 4ms. User: unknown
/swagger/favicon-32x32.png.GET took 0ms. User: unknown
/swagger/index.html.GET took 41ms. User: unknown
/swagger/swagger-ui.css.GET took 4ms. User: unknown
/swagger/favicon-32x32.png.GET took 0ms. User: unknown
/swagger/v1/swagger.json.GET took 57ms. User: unknown
/index.html.GET took 35ms. User: unknown
/css/site.css.GET took 3ms. User: unknown
/js/site.js.GET took 19ms. User: unknown
/task.GET took 15ms. User: unknown
/task/4.PUT took 42ms. User: unknown
/task.GET took 5ms. User: unknown
/task/3.PUT took 12ms. User: unknown
/task.GET took 6ms. User: unknown
/task/2.PUT took 10ms. User: unknown
/task.GET took 2ms. User: unknown
/task/1.PUT took 13ms. User: unknown
/task.GET took 6ms. User: unknown
/index.html.GET took 38ms. User: unknown
/js/site.js.GET took 4ms. User: unknown
/css/site.css.GET took 27ms. User: unknown
/task.GET took 17ms. User: unknown
/index.html.GET took 32ms. User: unknown
/task.GET took 14ms. User: unknown
/swagger.GET took 3ms. User: unknown
/swagger/index.html.GET took 52ms. User: unknown
/swagger/swagger-ui.css.GET took 16ms. User: unknown
/swagger/swagger-ui-standalone-preset.js.GET took 26ms. User: unknown
/swagger/swagger-ui-bundle.js.GET took 56ms. User: unknown
/swagger/v1/swagger.json.GET took 75ms. User: unknown
/swagger/index.html.GET took 40ms. User: unknown
/swagger/swagger-ui.css.GET took 3ms. User: unknown
/swagger/favicon-32x32.png.GET took 0ms. User: unknown
/swagger/v1/swagger.json.GET took 57ms. User: unknown
/swagger/index.html.GET took 46ms. User: unknown
/swagger/swagger-ui.css.GET took 11ms. User: unknown
/swagger/favicon-32x32.png.GET took 0ms. User: unknown
/swagger/v1/swagger.json.GET took 63ms. User: unknown
/Task.GET took 23ms. User: unknown
/swagger/index.html.GET took 43ms. User: unknown
/swagger/swagger-ui.css.GET took 5ms. User: unknown
/swagger/favicon-32x32.png.GET took 0ms. User: unknown
/swagger/v1/swagger.json.GET took 54ms. User: unknown
/swagger/index.html.GET took 41ms. User: unknown
/swagger/swagger-ui.css.GET took 3ms. User: unknown
/swagger/favicon-32x32.png.GET took 0ms. User: unknown
/swagger/v1/swagger.json.GET took 53ms. User: unknown
/swagger/index.html.GET took 0ms. User: unknown
/swagger/swagger-ui.css.GET took 5ms. User: unknown
/swagger/favicon-32x32.png.GET took 0ms. User: unknown
/swagger/index.html.GET took 38ms. User: unknown
/swagger/swagger-ui.css.GET took 3ms. User: unknown
/swagger/favicon-32x32.png.GET took 0ms. User: unknown
/swagger/v1/swagger.json.GET took 51ms. User: unknown
/index.html.GET took 434ms. User: unknown
/css/site.css.GET took 26ms. User: unknown
/js/site.js.GET took 61ms. User: unknown
/task.GET took 47ms. User: unknown
/index.html.GET took 73ms. User: unknown
/task.GET took 32ms. User: unknown
/swagger.GET took 25ms. User: unknown
/swagger/index.html.GET took 86ms. User: unknown
/swagger/swagger-ui.css.GET took 26ms. User: unknown
/swagger/swagger-ui-standalone-preset.js.GET took 56ms. User: unknown
/swagger/swagger-ui-bundle.js.GET took 91ms. User: unknown
/swagger/favicon-32x32.png.GET took 0ms. User: unknown
/swagger/v1/swagger.json.GET took 166ms. User: unknown
/swagger/index.html.GET took 80ms. User: unknown
/swagger/v1/swagger.json.GET took 116ms. User: unknown
/Login.GET took 40ms. User: unknown
/Login.POST took 271ms. User: unknown
/Login/5.GET took 51ms. User: unknown
/Login/5.PUT took 246ms. User: unknown
/Login/2.DELETE took 246ms. User: unknown
/swagger/index.html.GET took 83ms. User: unknown
/swagger/v1/swagger.json.GET took 137ms. User: unknown
/Login/2.DELETE took 113ms. User: unknown
